2022-04-19 21:22:00,851 [DEBUG] [_new_conn(228)] [MainThread] Starting new HTTP connection (1): office.teahouse.finance:8181
2022-04-19 21:22:01,076 [DEBUG] [_make_request(456)] [MainThread] http://office.teahouse.finance:8181 "GET /pools/info?network=eth_mainnet&pool=0x8ad599c3A0ff1De082011EFDDc58f1908eb6e6D8 HTTP/1.1" 200 364
2022-04-19 21:22:01,080 [DEBUG] [request(14)] [MainThread] http://office.teahouse.finance:8181/pools/info?network=eth_mainnet&pool=0x8ad599c3A0ff1De082011EFDDc58f1908eb6e6D8
2022-04-19 21:22:01,082 [DEBUG] [request(16)] [MainThread] {'success': True, 'data': {'chain_id': 1, 'pool_address': '0x8ad599c3A0ff1De082011EFDDc58f1908eb6e6D8', 'created_block': 12370624, 'fee': 3000, 'tick_spacing': 60, 'token0_address': '0xa0b86991c6218b36c1d19d4a2e9eb0ce3606eb48', 'token1_address': '0xc02aaa39b223fe8d0a0e5c4f27ead9083c756cc2', 'token0_symbol': 'USDC', 'token1_symbol': 'WETH', 'token0_decimals': 6, 'token1_decimals': 18}}
2022-04-19 21:22:01,549 [WARNING] [consolewrite_warnerror(123)] [MainThread] R[write to console]: 
Attaching package: 'basicPlotteR'


2022-04-19 21:22:01,553 [WARNING] [consolewrite_warnerror(123)] [MainThread] R[write to console]: The following object is masked from 'package:httr':

    progress


2022-04-19 21:22:01,629 [WARNING] [consolewrite_warnerror(123)] [MainThread] R[write to console]: data.table 1.14.2 using 4 threads (see ?getDTthreads).  Latest news: r-datatable.com

2022-04-19 21:22:01,774 [WARNING] [consolewrite_warnerror(123)] [MainThread] R[write to console]: 
Attaching package: 'lubridate'


2022-04-19 21:22:01,775 [WARNING] [consolewrite_warnerror(123)] [MainThread] R[write to console]: The following objects are masked from 'package:data.table':

    hour, isoweek, mday, minute, month, quarter, second, wday, week,
    yday, year


2022-04-19 21:22:01,776 [WARNING] [consolewrite_warnerror(123)] [MainThread] R[write to console]: The following objects are masked from 'package:base':

    date, intersect, setdiff, union


2022-04-19 21:22:02,116 [INFO] [get_ticks(32)] [MainThread] get ticks data: 2021-06-06 08:00:00+00:00 - 2023-04-06 00:00:00+00:00
2022-04-19 21:22:02,116 [DEBUG] [http_browser(20)] [MainThread] Request url: https://swap-api.teahouse.finance/eth/pools/events/0x8ad599c3A0ff1De082011EFDDc58f1908eb6e6D8/1622966400/1680739200
2022-04-19 21:22:02,119 [DEBUG] [_new_conn(1001)] [MainThread] Starting new HTTPS connection (1): swap-api.teahouse.finance:443
2022-04-19 21:22:09,797 [DEBUG] [_make_request(456)] [MainThread] https://swap-api.teahouse.finance:443 "GET /eth/pools/events/0x8ad599c3A0ff1De082011EFDDc58f1908eb6e6D8/1622966400/1680739200 HTTP/1.1" 200 None
2022-04-19 21:22:23,739 [DEBUG] [fetch_dex_tx(39)] [MainThread] request success.
2022-04-19 21:22:26,353 [DEBUG] [asar(425)] [MainThread] ----------------------------------------------------------------------------------------------------
2022-04-19 21:22:26,353 [DEBUG] [asar(426)] [MainThread] 1
2022-04-19 21:22:26,353 [DEBUG] [asar(427)] [MainThread] ----------------------------------------------------------------------------------------------------
2022-04-19 21:22:26,353 [DEBUG] [asar(428)] [MainThread] timestamp          1626163200.0
block                12817568.0
tick                   200189.0
lower_tick             198420.0
upper_tick             202620.0
price               2024.588996
lower_price         1587.687999
upper_price         2416.349356
event                       add
holder_value           100000.0
holder_diff                   0
holder_cum_pnl                0
lp_amount_0            100000.0
lp_amount_1                 0.0
lp_total_value         100000.0
lp_diff                       0
lp_cum_pnl                    0
fee_0                         0
fee_1                         0
fee_total_value             0.0
fee_diff                      0
cum_fee                       0
equity                 100000.0
dtype: object
2022-04-19 21:22:26,360 [DEBUG] [_new_conn(228)] [MainThread] Starting new HTTP connection (1): office.teahouse.finance:8181
2022-04-19 21:22:26,668 [DEBUG] [_make_request(456)] [MainThread] http://office.teahouse.finance:8181 "GET /pools/estimate/position_info/by_amount0?network=eth_mainnet&pool=0x8ad599c3A0ff1De082011EFDDc58f1908eb6e6D8&block=12817568&amount0=57484060527&lowerTick=198420&upperTick=202620 HTTP/1.1" 200 234
2022-04-19 21:22:26,669 [DEBUG] [request(14)] [MainThread] http://office.teahouse.finance:8181/pools/estimate/position_info/by_amount0?network=eth_mainnet&pool=0x8ad599c3A0ff1De082011EFDDc58f1908eb6e6D8&block=12817568&amount0=57484060527&lowerTick=198420&upperTick=202620
2022-04-19 21:22:26,669 [DEBUG] [request(16)] [MainThread] {'success': True, 'data': {'price0': 0.0004939397740819685, 'price1': 2024.5383191879816, 'tick': 200189, 'sqrt_price_x96': 1760826570979217766370914916891913, 'amount0': 57484060527, 'amount1': 21005189884455874560, 'liquidity': 11163975715626152}}
2022-04-19 21:22:26,674 [DEBUG] [asar(425)] [MainThread] ----------------------------------------------------------------------------------------------------
2022-04-19 21:22:26,674 [DEBUG] [asar(426)] [MainThread] 1
2022-04-19 21:22:26,674 [DEBUG] [asar(427)] [MainThread] ----------------------------------------------------------------------------------------------------
2022-04-19 21:22:26,674 [DEBUG] [asar(428)] [MainThread] timestamp          1626163200.0
block                12817568.0
tick                   200189.0
lower_tick             198420.0
upper_tick             202620.0
price               2024.588996
lower_price         1587.687999
upper_price         2416.349356
event                  add swap
holder_value           100000.0
holder_diff                   0
holder_cum_pnl                0
lp_amount_0        57484.060527
lp_amount_1           20.999788
lp_total_value         100000.0
lp_diff                       0
lp_cum_pnl                    0
fee_0                         0
fee_1                         0
fee_total_value             0.0
fee_diff                      0
cum_fee                       0
equity                 100000.0
dtype: object
2022-04-19 21:22:26,677 [DEBUG] [feed_signal(129)] [MainThread] Simulation: 2021-07-13 08:00:00+00:00
2022-04-19 21:22:28,728 [DEBUG] [_new_conn(228)] [MainThread] Starting new HTTP connection (1): office.teahouse.finance:8181
2022-04-19 21:22:28,935 [DEBUG] [_make_request(456)] [MainThread] http://office.teahouse.finance:8181 "GET /pools/estimate/fee?network=eth_mainnet&pool=0x8ad599c3A0ff1De082011EFDDc58f1908eb6e6D8&startBlock=12817568&endBlock=12938428&liquidity=11163975715626152&lowerTick=198420&upperTick=202620 HTTP/1.1" 200 76
2022-04-19 21:22:28,936 [DEBUG] [request(14)] [MainThread] http://office.teahouse.finance:8181/pools/estimate/fee?network=eth_mainnet&pool=0x8ad599c3A0ff1De082011EFDDc58f1908eb6e6D8&startBlock=12817568&endBlock=12938428&liquidity=11163975715626152&lowerTick=198420&upperTick=202620
2022-04-19 21:22:28,936 [DEBUG] [request(16)] [MainThread] {'success': True, 'data': {'earned0': 1929390302, 'earned1': 881268062150041344}}
2022-04-19 21:22:28,941 [DEBUG] [asar(425)] [MainThread] ----------------------------------------------------------------------------------------------------
2022-04-19 21:22:28,941 [DEBUG] [asar(426)] [MainThread] 2
2022-04-19 21:22:28,941 [DEBUG] [asar(427)] [MainThread] ----------------------------------------------------------------------------------------------------
2022-04-19 21:22:28,942 [DEBUG] [asar(428)] [MainThread] timestamp           1627804800.0
block                 12938428.0
tick                    197723.0
lower_tick              198420.0
upper_tick              202620.0
price                2590.768076
lower_price          1587.687999
upper_price          2416.349356
event                     remove
holder_value       111889.640567
holder_diff         11889.640567
holder_cum_pnl      11889.640567
lp_amount_0        103931.652834
lp_amount_1                  0.0
lp_total_value     103931.652834
lp_diff              3931.652834
lp_cum_pnl           3931.652834
fee_0                1929.390302
fee_1                   0.881268
fee_total_value      4212.551463
fee_diff             4212.551463
cum_fee              4212.551463
equity             108144.204297
dtype: object
2022-04-19 21:22:28,949 [DEBUG] [asar(425)] [MainThread] ----------------------------------------------------------------------------------------------------
2022-04-19 21:22:28,949 [DEBUG] [asar(426)] [MainThread] 2
2022-04-19 21:22:28,949 [DEBUG] [asar(427)] [MainThread] ----------------------------------------------------------------------------------------------------
2022-04-19 21:22:28,950 [DEBUG] [asar(428)] [MainThread] timestamp           1627804800.0
block                 12938428.0
tick                    197723.0
lower_tick              198420.0
upper_tick              202620.0
price                2590.768076
lower_price          1587.687999
upper_price          2416.349356
event                remove swap
holder_value       111889.640567
holder_diff         11889.640567
holder_cum_pnl      11889.640567
lp_amount_0        108144.204297
lp_amount_1                    0
lp_total_value     108144.204297
lp_diff              3931.652834
lp_cum_pnl           3931.652834
fee_0                1929.390302
fee_1                   0.881268
fee_total_value      4212.551463
fee_diff             4212.551463
cum_fee              4212.551463
equity             108144.204297
dtype: object
2022-04-19 21:22:28,953 [DEBUG] [feed_signal(129)] [MainThread] Simulation: 2021-08-01 08:00:00+00:00
2022-04-19 21:22:28,960 [DEBUG] [asar(425)] [MainThread] ----------------------------------------------------------------------------------------------------
2022-04-19 21:22:28,960 [DEBUG] [asar(426)] [MainThread] 3
2022-04-19 21:22:28,960 [DEBUG] [asar(427)] [MainThread] ----------------------------------------------------------------------------------------------------
2022-04-19 21:22:28,961 [DEBUG] [asar(428)] [MainThread] timestamp           1627804801.0
block                 12938429.0
tick                    197723.0
lower_tick              196140.0
upper_tick              198780.0
price                2590.768076
lower_price          2330.912148
upper_price           3035.10637
event                        add
holder_value       108144.204297
holder_diff                    0
holder_cum_pnl      11889.640567
lp_amount_0        108144.204297
lp_amount_1                    0
lp_total_value     108144.204297
lp_diff                        0
lp_cum_pnl           3931.652834
fee_0                          0
fee_1                          0
fee_total_value              0.0
fee_diff                       0
cum_fee              4212.551463
equity             108144.204297
dtype: object
2022-04-19 21:22:28,967 [DEBUG] [_new_conn(228)] [MainThread] Starting new HTTP connection (1): office.teahouse.finance:8181
2022-04-19 21:22:29,090 [DEBUG] [_make_request(456)] [MainThread] http://office.teahouse.finance:8181 "GET /pools/estimate/position_info/by_amount0?network=eth_mainnet&pool=0x8ad599c3A0ff1De082011EFDDc58f1908eb6e6D8&block=12938429&amount0=43636717367&lowerTick=196140&upperTick=198780 HTTP/1.1" 200 235
2022-04-19 21:22:29,093 [DEBUG] [request(14)] [MainThread] http://office.teahouse.finance:8181/pools/estimate/position_info/by_amount0?network=eth_mainnet&pool=0x8ad599c3A0ff1De082011EFDDc58f1908eb6e6D8&block=12938429&amount0=43636717367&lowerTick=196140&upperTick=198780
2022-04-19 21:22:29,094 [DEBUG] [request(16)] [MainThread] {'success': True, 'data': {'price0': 0.00038599431249485743, 'price1': 2590.7117478921996, 'tick': 197723, 'sqrt_price_x96': 1556574948022374739742443431024978, 'amount0': 43636717367, 'amount1': 24907799024307068928, 'liquidity': 16658326678760968}}
2022-04-19 21:22:29,100 [DEBUG] [asar(425)] [MainThread] ----------------------------------------------------------------------------------------------------
2022-04-19 21:22:29,100 [DEBUG] [asar(426)] [MainThread] 3
2022-04-19 21:22:29,100 [DEBUG] [asar(427)] [MainThread] ----------------------------------------------------------------------------------------------------
2022-04-19 21:22:29,100 [DEBUG] [asar(428)] [MainThread] timestamp           1627804801.0
block                 12938429.0
tick                    197723.0
lower_tick              196140.0
upper_tick              198780.0
price                2590.768076
lower_price          2330.912148
upper_price           3035.10637
event                   add swap
holder_value       108144.204297
holder_diff                    0
holder_cum_pnl      11889.640567
lp_amount_0         43636.717368
lp_amount_1            24.898982
lp_total_value     108144.204297
lp_diff                        0
lp_cum_pnl           3931.652834
fee_0                          0
fee_1                          0
fee_total_value              0.0
fee_diff                       0
cum_fee              4212.551463
equity             108144.204297
dtype: object
2022-04-19 21:22:29,103 [DEBUG] [feed_signal(129)] [MainThread] Simulation: 2021-08-01 08:00:01+00:00
2022-04-19 21:22:30,384 [DEBUG] [_new_conn(228)] [MainThread] Starting new HTTP connection (1): office.teahouse.finance:8181
2022-04-19 21:22:30,568 [DEBUG] [_make_request(456)] [MainThread] http://office.teahouse.finance:8181 "GET /pools/estimate/fee?network=eth_mainnet&pool=0x8ad599c3A0ff1De082011EFDDc58f1908eb6e6D8&startBlock=12938429&endBlock=13021932&liquidity=16658326678760968&lowerTick=196140&upperTick=198780 HTTP/1.1" 200 76
2022-04-19 21:22:30,571 [DEBUG] [request(14)] [MainThread] http://office.teahouse.finance:8181/pools/estimate/fee?network=eth_mainnet&pool=0x8ad599c3A0ff1De082011EFDDc58f1908eb6e6D8&startBlock=12938429&endBlock=13021932&liquidity=16658326678760968&lowerTick=196140&upperTick=198780
2022-04-19 21:22:30,572 [DEBUG] [request(16)] [MainThread] {'success': True, 'data': {'earned0': 1769841385, 'earned1': 575271739779530816}}
2022-04-19 21:22:30,578 [DEBUG] [asar(425)] [MainThread] ----------------------------------------------------------------------------------------------------
2022-04-19 21:22:30,578 [DEBUG] [asar(426)] [MainThread] 4
2022-04-19 21:22:30,578 [DEBUG] [asar(427)] [MainThread] ----------------------------------------------------------------------------------------------------
2022-04-19 21:22:30,578 [DEBUG] [asar(428)] [MainThread] timestamp           1628928000.0
block                 13021932.0
tick                    195257.0
lower_tick              196140.0
upper_tick              198780.0
price                3315.279908
lower_price          2330.912148
upper_price           3035.10637
event                     remove
holder_value        126183.81116
holder_diff         18039.606862
holder_cum_pnl      29929.247429
lp_amount_0         113457.19456
lp_amount_1                  0.0
lp_total_value      113457.19456
lp_diff              5312.990262
lp_cum_pnl           9244.643096
fee_0                1769.841385
fee_1                   0.575272
fee_total_value      3677.028226
fee_diff             3677.028226
cum_fee              7889.579689
equity             117134.222785
dtype: object
2022-04-19 21:22:30,586 [DEBUG] [asar(425)] [MainThread] ----------------------------------------------------------------------------------------------------
2022-04-19 21:22:30,586 [DEBUG] [asar(426)] [MainThread] 4
2022-04-19 21:22:30,587 [DEBUG] [asar(427)] [MainThread] ----------------------------------------------------------------------------------------------------
2022-04-19 21:22:30,587 [DEBUG] [asar(428)] [MainThread] timestamp           1628928000.0
block                 13021932.0
tick                    195257.0
lower_tick              196140.0
upper_tick              198780.0
price                3315.279908
lower_price          2330.912148
upper_price           3035.10637
event                remove swap
holder_value        126183.81116
holder_diff         18039.606862
holder_cum_pnl      29929.247429
lp_amount_0        117134.222785
lp_amount_1                    0
lp_total_value     117134.222785
lp_diff              5312.990262
lp_cum_pnl           9244.643096
fee_0                1769.841385
fee_1                   0.575272
fee_total_value      3677.028226
fee_diff             3677.028226
cum_fee              7889.579689
equity             117134.222785
dtype: object
2022-04-19 21:22:30,590 [DEBUG] [feed_signal(129)] [MainThread] Simulation: 2021-08-14 08:00:00+00:00
2022-04-19 21:22:30,600 [DEBUG] [asar(425)] [MainThread] ----------------------------------------------------------------------------------------------------
2022-04-19 21:22:30,600 [DEBUG] [asar(426)] [MainThread] 5
2022-04-19 21:22:30,600 [DEBUG] [asar(427)] [MainThread] ----------------------------------------------------------------------------------------------------
2022-04-19 21:22:30,601 [DEBUG] [asar(428)] [MainThread] timestamp           1628928001.0
block                 13021933.0
tick                    195257.0
lower_tick              193980.0
upper_tick              196020.0
price                3315.279908
lower_price          3071.745208
upper_price          3766.837057
event                        add
holder_value       117134.222785
holder_diff                    0
holder_cum_pnl      29929.247429
lp_amount_0        117134.222785
lp_amount_1                    0
lp_total_value     117134.222785
lp_diff                        0
lp_cum_pnl           9244.643096
fee_0                          0
fee_1                          0
fee_total_value              0.0
fee_diff                       0
cum_fee              7889.579689
equity             117134.222785
dtype: object
2022-04-19 21:22:30,608 [DEBUG] [_new_conn(228)] [MainThread] Starting new HTTP connection (1): office.teahouse.finance:8181
2022-04-19 21:22:30,719 [DEBUG] [_make_request(456)] [MainThread] http://office.teahouse.finance:8181 "GET /pools/estimate/position_info/by_amount0?network=eth_mainnet&pool=0x8ad599c3A0ff1De082011EFDDc58f1908eb6e6D8&block=13021933&amount0=44160445358&lowerTick=193980&upperTick=196020 HTTP/1.1" 200 234
2022-04-19 21:22:30,720 [DEBUG] [request(14)] [MainThread] http://office.teahouse.finance:8181/pools/estimate/position_info/by_amount0?network=eth_mainnet&pool=0x8ad599c3A0ff1De082011EFDDc58f1908eb6e6D8&block=13021933&amount0=44160445358&lowerTick=193980&upperTick=196020
2022-04-19 21:22:30,721 [DEBUG] [request(16)] [MainThread] {'success': True, 'data': {'price0': 0.0003016630429109414, 'price1': 3314.9569478261396, 'tick': 195257, 'sqrt_price_x96': 1376070350730040618729623990777410, 'amount0': 44160445358, 'amount1': 22057386836637601792, 'liquidity': 20517454145636484}}
2022-04-19 21:22:30,727 [DEBUG] [asar(425)] [MainThread] ----------------------------------------------------------------------------------------------------
2022-04-19 21:22:30,727 [DEBUG] [asar(426)] [MainThread] 5
2022-04-19 21:22:30,727 [DEBUG] [asar(427)] [MainThread] ----------------------------------------------------------------------------------------------------
2022-04-19 21:22:30,728 [DEBUG] [asar(428)] [MainThread] timestamp           1628928001.0
block                 13021933.0
tick                    195257.0
lower_tick              193980.0
upper_tick              196020.0
price                3315.279908
lower_price          3071.745208
upper_price          3766.837057
event                   add swap
holder_value       117134.222785
holder_diff                    0
holder_cum_pnl      29929.247429
lp_amount_0         44160.445359
lp_amount_1            22.011347
lp_total_value     117134.222785
lp_diff                        0
lp_cum_pnl           9244.643096
fee_0                          0
fee_1                          0
fee_total_value              0.0
fee_diff                       0
cum_fee              7889.579689
equity             117134.222785
dtype: object
2022-04-19 21:22:30,732 [DEBUG] [feed_signal(129)] [MainThread] Simulation: 2021-08-14 08:00:01+00:00
2022-04-19 21:22:35,544 [DEBUG] [_new_conn(228)] [MainThread] Starting new HTTP connection (1): office.teahouse.finance:8181
2022-04-19 21:22:35,744 [DEBUG] [_make_request(456)] [MainThread] http://office.teahouse.finance:8181 "GET /pools/estimate/fee?network=eth_mainnet&pool=0x8ad599c3A0ff1De082011EFDDc58f1908eb6e6D8&startBlock=13021933&endBlock=13313082&liquidity=20517454145636484&lowerTick=193980&upperTick=196020 HTTP/1.1" 200 77
2022-04-19 21:22:35,746 [DEBUG] [request(14)] [MainThread] http://office.teahouse.finance:8181/pools/estimate/fee?network=eth_mainnet&pool=0x8ad599c3A0ff1De082011EFDDc58f1908eb6e6D8&startBlock=13021933&endBlock=13313082&liquidity=20517454145636484&lowerTick=193980&upperTick=196020
2022-04-19 21:22:35,746 [DEBUG] [request(16)] [MainThread] {'success': True, 'data': {'earned0': 8532942731, 'earned1': 2604979574224829952}}
2022-04-19 21:22:35,754 [DEBUG] [asar(425)] [MainThread] ----------------------------------------------------------------------------------------------------
2022-04-19 21:22:35,754 [DEBUG] [asar(426)] [MainThread] 6
2022-04-19 21:22:35,754 [DEBUG] [asar(427)] [MainThread] ----------------------------------------------------------------------------------------------------
2022-04-19 21:22:35,754 [DEBUG] [asar(428)] [MainThread] timestamp           1632816000.0
block                 13313082.0
tick                    196618.0
lower_tick              193980.0
upper_tick              196020.0
price                2893.447974
lower_price          3071.745208
upper_price          3766.837057
event                     remove
holder_value       107849.133578
holder_diff         -9285.089208
holder_cum_pnl      20644.158221
lp_amount_0                  0.0
lp_amount_1            35.849584
lp_total_value     103728.905627
lp_diff            -13405.317158
lp_cum_pnl          -4160.674062
fee_0                8532.942731
fee_1                    2.60498
fee_total_value     16070.315601
fee_diff            16070.315601
cum_fee              23959.89529
equity             119799.221228
dtype: object
2022-04-19 21:22:35,766 [DEBUG] [asar(425)] [MainThread] ----------------------------------------------------------------------------------------------------
2022-04-19 21:22:35,766 [DEBUG] [asar(426)] [MainThread] 6
2022-04-19 21:22:35,766 [DEBUG] [asar(427)] [MainThread] ----------------------------------------------------------------------------------------------------
2022-04-19 21:22:35,766 [DEBUG] [asar(428)] [MainThread] timestamp           1632816000.0
block                 13313082.0
tick                    196618.0
lower_tick              193980.0
upper_tick              196020.0
price                2893.447974
lower_price          3071.745208
upper_price          3766.837057
event                remove swap
holder_value       107849.133578
holder_diff         -9285.089208
holder_cum_pnl      20644.158221
lp_amount_0        119799.221228
lp_amount_1                    0
lp_total_value     119799.221228
lp_diff            -13405.317158
lp_cum_pnl          -4160.674062
fee_0                8532.942731
fee_1                    2.60498
fee_total_value     16070.315601
fee_diff            16070.315601
cum_fee              23959.89529
equity             119799.221228
dtype: object
2022-04-19 21:22:35,770 [DEBUG] [feed_signal(129)] [MainThread] Simulation: 2021-09-28 08:00:00+00:00
2022-04-19 21:22:35,777 [DEBUG] [asar(425)] [MainThread] ----------------------------------------------------------------------------------------------------
2022-04-19 21:22:35,778 [DEBUG] [asar(426)] [MainThread] 7
2022-04-19 21:22:35,778 [DEBUG] [asar(427)] [MainThread] ----------------------------------------------------------------------------------------------------
2022-04-19 21:22:35,778 [DEBUG] [asar(428)] [MainThread] timestamp           1632816001.0
block                 13313083.0
tick                    196618.0
lower_tick              195000.0
upper_tick              199080.0
price                2893.447974
lower_price          2262.026676
upper_price          3401.582525
event                        add
holder_value       119799.221228
holder_diff                    0
holder_cum_pnl      20644.158221
lp_amount_0        119799.221228
lp_amount_1                    0
lp_total_value     119799.221228
lp_diff                        0
lp_cum_pnl          -4160.674062
fee_0                          0
fee_1                          0
fee_total_value              0.0
fee_diff                       0
cum_fee              23959.89529
equity             119799.221228
dtype: object
2022-04-19 21:22:35,785 [DEBUG] [_new_conn(228)] [MainThread] Starting new HTTP connection (1): office.teahouse.finance:8181
2022-04-19 21:22:35,926 [DEBUG] [_make_request(456)] [MainThread] http://office.teahouse.finance:8181 "GET /pools/estimate/position_info/by_amount0?network=eth_mainnet&pool=0x8ad599c3A0ff1De082011EFDDc58f1908eb6e6D8&block=13313083&amount0=71694763528&lowerTick=195000&upperTick=199080 HTTP/1.1" 200 235
2022-04-19 21:22:35,930 [DEBUG] [request(14)] [MainThread] http://office.teahouse.finance:8181/pools/estimate/position_info/by_amount0?network=eth_mainnet&pool=0x8ad599c3A0ff1De082011EFDDc58f1908eb6e6D8&block=13313083&amount0=71694763528&lowerTick=195000&upperTick=199080
2022-04-19 21:22:35,930 [DEBUG] [request(16)] [MainThread] {'success': True, 'data': {'price0': 0.00034563600193104806, 'price1': 2893.2171255686867, 'tick': 196618, 'sqrt_price_x96': 1472953613503662423382349623496693, 'amount0': 71694763528, 'amount1': 16639572048060114944, 'liquidity': 11511931801542782}}
2022-04-19 21:22:35,936 [DEBUG] [asar(425)] [MainThread] ----------------------------------------------------------------------------------------------------
2022-04-19 21:22:35,936 [DEBUG] [asar(426)] [MainThread] 7
2022-04-19 21:22:35,936 [DEBUG] [asar(427)] [MainThread] ----------------------------------------------------------------------------------------------------
2022-04-19 21:22:35,937 [DEBUG] [asar(428)] [MainThread] timestamp           1632816001.0
block                 13313083.0
tick                    196618.0
lower_tick              195000.0
upper_tick              199080.0
price                2893.447974
lower_price          2262.026676
upper_price          3401.582525
event                   add swap
holder_value       119799.221228
holder_diff                    0
holder_cum_pnl      20644.158221
lp_amount_0         71694.763528
lp_amount_1            16.625306
lp_total_value     119799.221228
lp_diff                        0
lp_cum_pnl          -4160.674062
fee_0                          0
fee_1                          0
fee_total_value              0.0
fee_diff                       0
cum_fee              23959.89529
equity             119799.221228
dtype: object
2022-04-19 21:22:35,940 [DEBUG] [feed_signal(129)] [MainThread] Simulation: 2021-09-28 08:00:01+00:00
2022-04-19 21:22:37,550 [DEBUG] [_new_conn(228)] [MainThread] Starting new HTTP connection (1): office.teahouse.finance:8181
2022-04-19 21:22:37,737 [DEBUG] [_make_request(456)] [MainThread] http://office.teahouse.finance:8181 "GET /pools/estimate/fee?network=eth_mainnet&pool=0x8ad599c3A0ff1De082011EFDDc58f1908eb6e6D8&startBlock=13313083&endBlock=13415138&liquidity=11511931801542782&lowerTick=195000&upperTick=199080 HTTP/1.1" 200 75
2022-04-19 21:22:37,741 [DEBUG] [request(14)] [MainThread] http://office.teahouse.finance:8181/pools/estimate/fee?network=eth_mainnet&pool=0x8ad599c3A0ff1De082011EFDDc58f1908eb6e6D8&startBlock=13313083&endBlock=13415138&liquidity=11511931801542782&lowerTick=195000&upperTick=199080
2022-04-19 21:22:37,742 [DEBUG] [request(16)] [MainThread] {'success': True, 'data': {'earned0': 933819655, 'earned1': 252420165716767616}}
2022-04-19 21:22:37,763 [DEBUG] [asar(425)] [MainThread] ----------------------------------------------------------------------------------------------------
2022-04-19 21:22:37,763 [DEBUG] [asar(426)] [MainThread] 8
2022-04-19 21:22:37,763 [DEBUG] [asar(427)] [MainThread] ----------------------------------------------------------------------------------------------------
2022-04-19 21:22:37,764 [DEBUG] [asar(428)] [MainThread] timestamp           1634198400.0
block                 13415138.0
tick                    194342.0
lower_tick              195000.0
upper_tick              199080.0
price                3632.922723
lower_price          2262.026676
upper_price          3401.582525
event                     remove
holder_value       132093.215153
holder_diff         12293.993924
holder_cum_pnl      32938.152145
lp_amount_0        123852.410443
lp_amount_1                  0.0
lp_total_value     123852.410443
lp_diff              4053.189214
lp_cum_pnl           -107.484847
fee_0                 933.819655
fee_1                    0.25242
fee_total_value      1850.842611
fee_diff             1850.842611
cum_fee             25810.737901
equity             125703.253054
dtype: object
2022-04-19 21:22:37,778 [DEBUG] [asar(425)] [MainThread] ----------------------------------------------------------------------------------------------------
2022-04-19 21:22:37,779 [DEBUG] [asar(426)] [MainThread] 8
2022-04-19 21:22:37,779 [DEBUG] [asar(427)] [MainThread] ----------------------------------------------------------------------------------------------------
2022-04-19 21:22:37,779 [DEBUG] [asar(428)] [MainThread] timestamp           1634198400.0
block                 13415138.0
tick                    194342.0
lower_tick              195000.0
upper_tick              199080.0
price                3632.922723
lower_price          2262.026676
upper_price          3401.582525
event                remove swap
holder_value       132093.215153
holder_diff         12293.993924
holder_cum_pnl      32938.152145
lp_amount_0        125703.253054
lp_amount_1                    0
lp_total_value     125703.253054
lp_diff              4053.189214
lp_cum_pnl           -107.484847
fee_0                 933.819655
fee_1                    0.25242
fee_total_value      1850.842611
fee_diff             1850.842611
cum_fee             25810.737901
equity             125703.253054
dtype: object
2022-04-19 21:22:37,783 [DEBUG] [feed_signal(129)] [MainThread] Simulation: 2021-10-14 08:00:00+00:00
2022-04-19 21:22:37,791 [DEBUG] [asar(425)] [MainThread] ----------------------------------------------------------------------------------------------------
2022-04-19 21:22:37,791 [DEBUG] [asar(426)] [MainThread] 9
2022-04-19 21:22:37,791 [DEBUG] [asar(427)] [MainThread] ----------------------------------------------------------------------------------------------------
2022-04-19 21:22:37,791 [DEBUG] [asar(428)] [MainThread] timestamp           1634198401.0
block                 13415139.0
tick                    194342.0
lower_tick              192960.0
upper_tick              195120.0
price                3632.922723
lower_price          3361.009489
upper_price          4171.311825
event                        add
holder_value       125703.253054
holder_diff                    0
holder_cum_pnl      32938.152145
lp_amount_0        125703.253054
lp_amount_1                    0
lp_total_value     125703.253054
lp_diff                        0
lp_cum_pnl           -107.484847
fee_0                          0
fee_1                          0
fee_total_value              0.0
fee_diff                       0
cum_fee             25810.737901
equity             125703.253054
dtype: object
2022-04-19 21:22:37,799 [DEBUG] [_new_conn(228)] [MainThread] Starting new HTTP connection (1): office.teahouse.finance:8181
2022-04-19 21:22:37,959 [DEBUG] [_make_request(456)] [MainThread] http://office.teahouse.finance:8181 "GET /pools/estimate/position_info/by_amount0?network=eth_mainnet&pool=0x8ad599c3A0ff1De082011EFDDc58f1908eb6e6D8&block=13415139&amount0=45710817021&lowerTick=192960&upperTick=195120 HTTP/1.1" 200 235
2022-04-19 21:22:37,961 [DEBUG] [request(14)] [MainThread] http://office.teahouse.finance:8181/pools/estimate/position_info/by_amount0?network=eth_mainnet&pool=0x8ad599c3A0ff1De082011EFDDc58f1908eb6e6D8&block=13415139&amount0=45710817021&lowerTick=192960&upperTick=195120
2022-04-19 21:22:37,962 [DEBUG] [request(16)] [MainThread] {'success': True, 'data': {'price0': 0.00027526686699594507, 'price1': 3632.8382377190746, 'tick': 194342, 'sqrt_price_x96': 1314487781805027466740247402567269, 'amount0': 45710817021, 'amount1': 22029304235563261952, 'liquidity': 19884497824233676}}
2022-04-19 21:22:37,970 [DEBUG] [asar(425)] [MainThread] ----------------------------------------------------------------------------------------------------
2022-04-19 21:22:37,970 [DEBUG] [asar(426)] [MainThread] 9
2022-04-19 21:22:37,970 [DEBUG] [asar(427)] [MainThread] ----------------------------------------------------------------------------------------------------
2022-04-19 21:22:37,970 [DEBUG] [asar(428)] [MainThread] timestamp           1634198401.0
block                 13415139.0
tick                    194342.0
lower_tick              192960.0
upper_tick              195120.0
price                3632.922723
lower_price          3361.009489
upper_price          4171.311825
event                   add swap
holder_value       125703.253054
holder_diff                    0
holder_cum_pnl      32938.152145
lp_amount_0         45710.817022
lp_amount_1            22.018755
lp_total_value     125703.253054
lp_diff                        0
lp_cum_pnl           -107.484847
fee_0                          0
fee_1                          0
fee_total_value              0.0
fee_diff                       0
cum_fee             25810.737901
equity             125703.253054
dtype: object
2022-04-19 21:22:37,973 [DEBUG] [feed_signal(129)] [MainThread] Simulation: 2021-10-14 08:00:01+00:00
2022-04-19 21:22:39,470 [DEBUG] [_new_conn(228)] [MainThread] Starting new HTTP connection (1): office.teahouse.finance:8181
2022-04-19 21:22:39,671 [DEBUG] [_make_request(456)] [MainThread] http://office.teahouse.finance:8181 "GET /pools/estimate/fee?network=eth_mainnet&pool=0x8ad599c3A0ff1De082011EFDDc58f1908eb6e6D8&startBlock=13415139&endBlock=13510838&liquidity=19884497824233676&lowerTick=192960&upperTick=195120 HTTP/1.1" 200 76
2022-04-19 21:22:39,674 [DEBUG] [request(14)] [MainThread] http://office.teahouse.finance:8181/pools/estimate/fee?network=eth_mainnet&pool=0x8ad599c3A0ff1De082011EFDDc58f1908eb6e6D8&startBlock=13415139&endBlock=13510838&liquidity=19884497824233676&lowerTick=192960&upperTick=195120
2022-04-19 21:22:39,674 [DEBUG] [request(16)] [MainThread] {'success': True, 'data': {'earned0': 2525573890, 'earned1': 574118961149213824}}
2022-04-19 21:22:39,680 [DEBUG] [asar(425)] [MainThread] ----------------------------------------------------------------------------------------------------
2022-04-19 21:22:39,680 [DEBUG] [asar(426)] [MainThread] 10
2022-04-19 21:22:39,681 [DEBUG] [asar(427)] [MainThread] ----------------------------------------------------------------------------------------------------
2022-04-19 21:22:39,681 [DEBUG] [asar(428)] [MainThread] timestamp           1635494400.0
block                 13510838.0
tick                    192639.0
lower_tick              192960.0
upper_tick              195120.0
price                4307.376283
lower_price          3361.009489
upper_price          4171.311825
event                     remove
holder_value       140553.880875
holder_diff         14850.627821
holder_cum_pnl      47788.779967
lp_amount_0        131425.884426
lp_amount_1                  0.0
lp_total_value     131425.884426
lp_diff              5722.631372
lp_cum_pnl           5615.146525
fee_0                 2525.57389
fee_1                   0.574119
fee_total_value      4998.520287
fee_diff             4998.520287
cum_fee             30809.258188
equity             136424.404713
dtype: object
2022-04-19 21:22:39,689 [DEBUG] [asar(425)] [MainThread] ----------------------------------------------------------------------------------------------------
2022-04-19 21:22:39,689 [DEBUG] [asar(426)] [MainThread] 10
2022-04-19 21:22:39,689 [DEBUG] [asar(427)] [MainThread] ----------------------------------------------------------------------------------------------------
2022-04-19 21:22:39,689 [DEBUG] [asar(428)] [MainThread] timestamp           1635494400.0
block                 13510838.0
tick                    192639.0
lower_tick              192960.0
upper_tick              195120.0
price                4307.376283
lower_price          3361.009489
upper_price          4171.311825
event                remove swap
holder_value       140553.880875
holder_diff         14850.627821
holder_cum_pnl      47788.779967
lp_amount_0        136424.404713
lp_amount_1                    0
lp_total_value     136424.404713
lp_diff              5722.631372
lp_cum_pnl           5615.146525
fee_0                 2525.57389
fee_1                   0.574119
fee_total_value      4998.520287
fee_diff             4998.520287
cum_fee             30809.258188
equity             136424.404713
dtype: object
2022-04-19 21:22:39,692 [DEBUG] [feed_signal(129)] [MainThread] Simulation: 2021-10-29 08:00:00+00:00
2022-04-19 21:22:39,699 [DEBUG] [asar(425)] [MainThread] ----------------------------------------------------------------------------------------------------
2022-04-19 21:22:39,700 [DEBUG] [asar(426)] [MainThread] 11
2022-04-19 21:22:39,700 [DEBUG] [asar(427)] [MainThread] ----------------------------------------------------------------------------------------------------
2022-04-19 21:22:39,700 [DEBUG] [asar(428)] [MainThread] timestamp           1635494401.0
block                 13510839.0
tick                    192639.0
lower_tick              191220.0
upper_tick              193140.0
price                4307.376283
lower_price          4096.903615
upper_price          4964.049669
event                        add
holder_value       136424.404713
holder_diff                    0
holder_cum_pnl      47788.779967
lp_amount_0        136424.404713
lp_amount_1                    0
lp_total_value     136424.404713
lp_diff                        0
lp_cum_pnl           5615.146525
fee_0                          0
fee_1                          0
fee_total_value              0.0
fee_diff                       0
cum_fee             30809.258188
equity             136424.404713
dtype: object
2022-04-19 21:22:39,706 [DEBUG] [_new_conn(228)] [MainThread] Starting new HTTP connection (1): office.teahouse.finance:8181
2022-04-19 21:22:39,813 [DEBUG] [_make_request(456)] [MainThread] http://office.teahouse.finance:8181 "GET /pools/estimate/position_info/by_amount0?network=eth_mainnet&pool=0x8ad599c3A0ff1De082011EFDDc58f1908eb6e6D8&block=13510839&amount0=36200433588&lowerTick=191220&upperTick=193140 HTTP/1.1" 200 233
2022-04-19 21:22:39,816 [DEBUG] [request(14)] [MainThread] http://office.teahouse.finance:8181/pools/estimate/position_info/by_amount0?network=eth_mainnet&pool=0x8ad599c3A0ff1De082011EFDDc58f1908eb6e6D8&block=13510839&amount0=36200433588&lowerTick=191220&upperTick=193140
2022-04-19 21:22:39,816 [DEBUG] [request(16)] [MainThread] {'success': True, 'data': {'price0': 0.0002321818499183438, 'price1': 4306.968870959081, 'tick': 192639, 'sqrt_price_x96': 1207240279748702701450683985190901, 'amount0': 36200433588, 'amount1': 23328653943387275264, 'liquidity': 22339854637330216}}
2022-04-19 21:22:39,821 [DEBUG] [asar(425)] [MainThread] ----------------------------------------------------------------------------------------------------
2022-04-19 21:22:39,822 [DEBUG] [asar(426)] [MainThread] 11
2022-04-19 21:22:39,822 [DEBUG] [asar(427)] [MainThread] ----------------------------------------------------------------------------------------------------
2022-04-19 21:22:39,822 [DEBUG] [asar(428)] [MainThread] timestamp           1635494401.0
block                 13510839.0
tick                    192639.0
lower_tick              191220.0
upper_tick              193140.0
price                4307.376283
lower_price          4096.903615
upper_price          4964.049669
event                   add swap
holder_value       136424.404713
holder_diff                    0
holder_cum_pnl      47788.779967
lp_amount_0         36200.433588
lp_amount_1            23.267986
lp_total_value     136424.404713
lp_diff                        0
lp_cum_pnl           5615.146525
fee_0                          0
fee_1                          0
fee_total_value              0.0
fee_diff                       0
cum_fee             30809.258188
equity             136424.404713
dtype: object
2022-04-19 21:22:39,825 [DEBUG] [feed_signal(129)] [MainThread] Simulation: 2021-10-29 08:00:01+00:00
2022-04-19 21:22:41,638 [DEBUG] [_new_conn(228)] [MainThread] Starting new HTTP connection (1): office.teahouse.finance:8181
2022-04-19 21:22:42,116 [DEBUG] [_make_request(456)] [MainThread] http://office.teahouse.finance:8181 "GET /pools/estimate/fee?network=eth_mainnet&pool=0x8ad599c3A0ff1De082011EFDDc58f1908eb6e6D8&startBlock=13510839&endBlock=13644403&liquidity=22339854637330216&lowerTick=191220&upperTick=193140 HTTP/1.1" 200 76
2022-04-19 21:22:42,117 [DEBUG] [request(14)] [MainThread] http://office.teahouse.finance:8181/pools/estimate/fee?network=eth_mainnet&pool=0x8ad599c3A0ff1De082011EFDDc58f1908eb6e6D8&startBlock=13510839&endBlock=13644403&liquidity=22339854637330216&lowerTick=191220&upperTick=193140
2022-04-19 21:22:42,118 [DEBUG] [request(16)] [MainThread] {'success': True, 'data': {'earned0': 3769099207, 'earned1': 876391063752202496}}
2022-04-19 21:22:42,131 [DEBUG] [asar(425)] [MainThread] ----------------------------------------------------------------------------------------------------
2022-04-19 21:22:42,131 [DEBUG] [asar(426)] [MainThread] 12
2022-04-19 21:22:42,132 [DEBUG] [asar(427)] [MainThread] ----------------------------------------------------------------------------------------------------
2022-04-19 21:22:42,132 [DEBUG] [asar(428)] [MainThread] timestamp           1637308800.0
block                 13644403.0
tick                    193242.0
lower_tick              191220.0
upper_tick              193140.0
price                4055.329665
lower_price          4096.903615
upper_price          4964.049669
event                     remove
holder_value       130559.787515
holder_diff         -5864.617198
holder_cum_pnl      41924.162769
lp_amount_0                  0.0
lp_amount_1             31.88545
lp_total_value     129306.012518
lp_diff             -7118.392194
lp_cum_pnl           -1503.24567
fee_0                3769.099207
fee_1                   0.876391
fee_total_value      7323.153886
fee_diff             7323.153886
cum_fee             38132.412073
equity             136629.166404
dtype: object
2022-04-19 21:22:42,143 [DEBUG] [asar(425)] [MainThread] ----------------------------------------------------------------------------------------------------
2022-04-19 21:22:42,143 [DEBUG] [asar(426)] [MainThread] 12
2022-04-19 21:22:42,143 [DEBUG] [asar(427)] [MainThread] ----------------------------------------------------------------------------------------------------
2022-04-19 21:22:42,143 [DEBUG] [asar(428)] [MainThread] timestamp           1637308800.0
block                 13644403.0
tick                    193242.0
lower_tick              191220.0
upper_tick              193140.0
price                4055.329665
lower_price          4096.903615
upper_price          4964.049669
event                remove swap
holder_value       130559.787515
holder_diff         -5864.617198
holder_cum_pnl      41924.162769
lp_amount_0        136629.166404
lp_amount_1                    0
lp_total_value     136629.166404
lp_diff             -7118.392194
lp_cum_pnl           -1503.24567
fee_0                3769.099207
fee_1                   0.876391
fee_total_value      7323.153886
fee_diff             7323.153886
cum_fee             38132.412073
equity             136629.166404
dtype: object
2022-04-19 21:22:42,147 [DEBUG] [feed_signal(129)] [MainThread] Simulation: 2021-11-19 08:00:00+00:00
2022-04-19 21:22:42,155 [DEBUG] [asar(425)] [MainThread] ----------------------------------------------------------------------------------------------------
2022-04-19 21:22:42,155 [DEBUG] [asar(426)] [MainThread] 13
2022-04-19 21:22:42,155 [DEBUG] [asar(427)] [MainThread] ----------------------------------------------------------------------------------------------------
2022-04-19 21:22:42,155 [DEBUG] [asar(428)] [MainThread] timestamp           1637308801.0
block                 13644404.0
tick                    193242.0
lower_tick              192480.0
upper_tick              195120.0
price                4055.329665
lower_price          3361.009489
upper_price          4376.407458
event                        add
holder_value       136629.166404
holder_diff                    0
holder_cum_pnl      41924.162769
lp_amount_0        136629.166404
lp_amount_1                    0
lp_total_value     136629.166404
lp_diff                        0
lp_cum_pnl           -1503.24567
fee_0                          0
fee_1                          0
fee_total_value              0.0
fee_diff                       0
cum_fee             38132.412073
equity             136629.166404
dtype: object
2022-04-19 21:22:42,162 [DEBUG] [_new_conn(228)] [MainThread] Starting new HTTP connection (1): office.teahouse.finance:8181
2022-04-19 21:22:42,292 [DEBUG] [_make_request(456)] [MainThread] http://office.teahouse.finance:8181 "GET /pools/estimate/position_info/by_amount0?network=eth_mainnet&pool=0x8ad599c3A0ff1De082011EFDDc58f1908eb6e6D8&block=13644404&amount0=96414485862&lowerTick=192480&upperTick=195120 HTTP/1.1" 200 233
2022-04-19 21:22:42,295 [DEBUG] [request(14)] [MainThread] http://office.teahouse.finance:8181/pools/estimate/position_info/by_amount0?network=eth_mainnet&pool=0x8ad599c3A0ff1De082011EFDDc58f1908eb6e6D8&block=13644404&amount0=96414485862&lowerTick=192480&upperTick=195120
2022-04-19 21:22:42,296 [DEBUG] [request(16)] [MainThread] {'success': True, 'data': {'price0': 0.00024661210795623255, 'price1': 4054.950944166435, 'tick': 193242, 'sqrt_price_x96': 1244190214886548290927583558998370, 'amount0': 96414485862, 'amount1': 9934064675951470592, 'liquidity': 16902122599472880}}
2022-04-19 21:22:42,315 [DEBUG] [asar(425)] [MainThread] ----------------------------------------------------------------------------------------------------
2022-04-19 21:22:42,315 [DEBUG] [asar(426)] [MainThread] 13
2022-04-19 21:22:42,315 [DEBUG] [asar(427)] [MainThread] ----------------------------------------------------------------------------------------------------
2022-04-19 21:22:42,315 [DEBUG] [asar(428)] [MainThread] timestamp           1637308801.0
block                 13644404.0
tick                    193242.0
lower_tick              192480.0
upper_tick              195120.0
price                4055.329665
lower_price          3361.009489
upper_price          4376.407458
event                   add swap
holder_value       136629.166404
holder_diff                    0
holder_cum_pnl      41924.162769
lp_amount_0         96414.485862
lp_amount_1             9.916501
lp_total_value     136629.166404
lp_diff                        0
lp_cum_pnl           -1503.24567
fee_0                          0
fee_1                          0
fee_total_value              0.0
fee_diff                       0
cum_fee             38132.412073
equity             136629.166404
dtype: object
2022-04-19 21:22:42,319 [DEBUG] [feed_signal(129)] [MainThread] Simulation: 2021-11-19 08:00:01+00:00
2022-04-19 21:22:43,622 [DEBUG] [_new_conn(228)] [MainThread] Starting new HTTP connection (1): office.teahouse.finance:8181
2022-04-19 21:22:43,958 [DEBUG] [_make_request(456)] [MainThread] http://office.teahouse.finance:8181 "GET /pools/estimate/fee?network=eth_mainnet&pool=0x8ad599c3A0ff1De082011EFDDc58f1908eb6e6D8&startBlock=13644404&endBlock=13719847&liquidity=16902122599472880&lowerTick=192480&upperTick=195120 HTTP/1.1" 200 76
2022-04-19 21:22:43,959 [DEBUG] [request(14)] [MainThread] http://office.teahouse.finance:8181/pools/estimate/fee?network=eth_mainnet&pool=0x8ad599c3A0ff1De082011EFDDc58f1908eb6e6D8&startBlock=13644404&endBlock=13719847&liquidity=16902122599472880&lowerTick=192480&upperTick=195120
2022-04-19 21:22:43,959 [DEBUG] [request(16)] [MainThread] {'success': True, 'data': {'earned0': 1764389461, 'earned1': 392282566682610048}}
2022-04-19 21:22:43,964 [DEBUG] [asar(425)] [MainThread] ----------------------------------------------------------------------------------------------------
2022-04-19 21:22:43,965 [DEBUG] [asar(426)] [MainThread] 14
2022-04-19 21:22:43,965 [DEBUG] [asar(427)] [MainThread] ----------------------------------------------------------------------------------------------------
2022-04-19 21:22:43,965 [DEBUG] [asar(428)] [MainThread] timestamp           1638345600.0
block                 13719847.0
tick                    191623.0
lower_tick              192480.0
upper_tick              195120.0
price                4767.985497
lower_price          3361.009489
upper_price          4376.407458
event                     remove
holder_value       143696.218659
holder_diff          7067.052255
holder_cum_pnl      48991.215024
lp_amount_0        138190.828415
lp_amount_1                  0.0
lp_total_value     138190.828415
lp_diff              1561.662012
lp_cum_pnl             58.416342
fee_0                1764.389461
fee_1                   0.392283
fee_total_value       3634.78705
fee_diff              3634.78705
cum_fee             41767.199123
equity             141825.615465
dtype: object
2022-04-19 21:22:43,974 [DEBUG] [asar(425)] [MainThread] ----------------------------------------------------------------------------------------------------
2022-04-19 21:22:43,974 [DEBUG] [asar(426)] [MainThread] 14
2022-04-19 21:22:43,974 [DEBUG] [asar(427)] [MainThread] ----------------------------------------------------------------------------------------------------
2022-04-19 21:22:43,974 [DEBUG] [asar(428)] [MainThread] timestamp           1638345600.0
block                 13719847.0
tick                    191623.0
lower_tick              192480.0
upper_tick              195120.0
price                4767.985497
lower_price          3361.009489
upper_price          4376.407458
event                remove swap
holder_value       143696.218659
holder_diff          7067.052255
holder_cum_pnl      48991.215024
lp_amount_0        141825.615465
lp_amount_1                    0
lp_total_value     141825.615465
lp_diff              1561.662012
lp_cum_pnl             58.416342
fee_0                1764.389461
fee_1                   0.392283
fee_total_value       3634.78705
fee_diff              3634.78705
cum_fee             41767.199123
equity             141825.615465
dtype: object
2022-04-19 21:22:43,978 [DEBUG] [feed_signal(129)] [MainThread] Simulation: 2021-12-01 08:00:00+00:00
2022-04-19 21:22:43,986 [DEBUG] [asar(425)] [MainThread] ----------------------------------------------------------------------------------------------------
2022-04-19 21:22:43,986 [DEBUG] [asar(426)] [MainThread] 15
2022-04-19 21:22:43,986 [DEBUG] [asar(427)] [MainThread] ----------------------------------------------------------------------------------------------------
2022-04-19 21:22:43,986 [DEBUG] [asar(428)] [MainThread] timestamp           1638345601.0
block                 13719848.0
tick                    191623.0
lower_tick              190200.0
upper_tick              192600.0
price                4767.985497
lower_price          4324.207008
upper_price          5497.078523
event                        add
holder_value       141825.615465
holder_diff                    0
holder_cum_pnl      48991.215024
lp_amount_0        141825.615465
lp_amount_1                    0
lp_total_value     141825.615465
lp_diff                        0
lp_cum_pnl             58.416342
fee_0                          0
fee_1                          0
fee_total_value              0.0
fee_diff                       0
cum_fee             41767.199123
equity             141825.615465
dtype: object
2022-04-19 21:22:43,993 [DEBUG] [_new_conn(228)] [MainThread] Starting new HTTP connection (1): office.teahouse.finance:8181
2022-04-19 21:22:44,131 [DEBUG] [_make_request(456)] [MainThread] http://office.teahouse.finance:8181 "GET /pools/estimate/position_info/by_amount0?network=eth_mainnet&pool=0x8ad599c3A0ff1De082011EFDDc58f1908eb6e6D8&block=13719848&amount0=58113079308&lowerTick=190200&upperTick=192600 HTTP/1.1" 200 232
2022-04-19 21:22:44,132 [DEBUG] [request(14)] [MainThread] http://office.teahouse.finance:8181/pools/estimate/position_info/by_amount0?network=eth_mainnet&pool=0x8ad599c3A0ff1De082011EFDDc58f1908eb6e6D8&block=13719848&amount0=58113079308&lowerTick=190200&upperTick=192600
2022-04-19 21:22:44,132 [DEBUG] [request(16)] [MainThread] {'success': True, 'data': {'price0': 0.000209741501066732, 'price1': 4767.773640000016, 'tick': 191623, 'sqrt_price_x96': 1147418293530563650295341945000000, 'amount0': 58113079308, 'amount1': 17571081364398718976, 'liquidity': 17661595908507734}}
2022-04-19 21:22:44,138 [DEBUG] [asar(425)] [MainThread] ----------------------------------------------------------------------------------------------------
2022-04-19 21:22:44,138 [DEBUG] [asar(426)] [MainThread] 15
2022-04-19 21:22:44,139 [DEBUG] [asar(427)] [MainThread] ----------------------------------------------------------------------------------------------------
2022-04-19 21:22:44,139 [DEBUG] [asar(428)] [MainThread] timestamp           1638345601.0
block                 13719848.0
tick                    191623.0
lower_tick              190200.0
upper_tick              192600.0
price                4767.985497
lower_price          4324.207008
upper_price          5497.078523
event                   add swap
holder_value       141825.615465
holder_diff                    0
holder_cum_pnl      48991.215024
lp_amount_0         58113.079309
lp_amount_1            17.557213
lp_total_value     141825.615465
lp_diff                        0
lp_cum_pnl             58.416342
fee_0                          0
fee_1                          0
fee_total_value              0.0
fee_diff                       0
cum_fee             41767.199123
equity             141825.615465
dtype: object
2022-04-19 21:22:44,143 [DEBUG] [feed_signal(129)] [MainThread] Simulation: 2021-12-01 08:00:01+00:00
2022-04-19 21:22:44,486 [DEBUG] [_new_conn(228)] [MainThread] Starting new HTTP connection (1): office.teahouse.finance:8181
2022-04-19 21:22:44,730 [DEBUG] [_make_request(456)] [MainThread] http://office.teahouse.finance:8181 "GET /pools/estimate/fee?network=eth_mainnet&pool=0x8ad599c3A0ff1De082011EFDDc58f1908eb6e6D8&startBlock=13719848&endBlock=13738650&liquidity=17661595908507734&lowerTick=190200&upperTick=192600 HTTP/1.1" 200 75
2022-04-19 21:22:44,730 [DEBUG] [request(14)] [MainThread] http://office.teahouse.finance:8181/pools/estimate/fee?network=eth_mainnet&pool=0x8ad599c3A0ff1De082011EFDDc58f1908eb6e6D8&startBlock=13719848&endBlock=13738650&liquidity=17661595908507734&lowerTick=190200&upperTick=192600
2022-04-19 21:22:44,731 [DEBUG] [request(16)] [MainThread] {'success': True, 'data': {'earned0': 435056594, 'earned1': 133728839498998608}}
2022-04-19 21:22:44,738 [DEBUG] [asar(425)] [MainThread] ----------------------------------------------------------------------------------------------------
2022-04-19 21:22:44,738 [DEBUG] [asar(426)] [MainThread] 16
2022-04-19 21:22:44,738 [DEBUG] [asar(427)] [MainThread] ----------------------------------------------------------------------------------------------------
2022-04-19 21:22:44,738 [DEBUG] [asar(428)] [MainThread] timestamp           1638604800.0
block                 13738650.0
tick                    193673.0
lower_tick              190200.0
upper_tick              192600.0
price                3884.266401
lower_price          4324.207008
upper_price          5497.078523
event                     remove
holder_value       126309.971207
holder_diff        -15515.644259
holder_cum_pnl      33475.570765
lp_amount_0                  0.0
lp_amount_1            30.355539
lp_total_value     117909.001764
lp_diff            -23916.613702
lp_cum_pnl          -23858.19736
fee_0                 435.056594
fee_1                   0.133729
fee_total_value       954.495032
fee_diff              954.495032
cum_fee             42721.694155
equity             118863.496796
dtype: object
2022-04-19 21:22:44,747 [DEBUG] [asar(425)] [MainThread] ----------------------------------------------------------------------------------------------------
2022-04-19 21:22:44,747 [DEBUG] [asar(426)] [MainThread] 16
2022-04-19 21:22:44,747 [DEBUG] [asar(427)] [MainThread] ----------------------------------------------------------------------------------------------------
2022-04-19 21:22:44,747 [DEBUG] [asar(428)] [MainThread] timestamp           1638604800.0
block                 13738650.0
tick                    193673.0
lower_tick              190200.0
upper_tick              192600.0
price                3884.266401
lower_price          4324.207008
upper_price          5497.078523
event                remove swap
holder_value       126309.971207
holder_diff        -15515.644259
holder_cum_pnl      33475.570765
lp_amount_0        118863.496796
lp_amount_1                    0
lp_total_value     118863.496796
lp_diff            -23916.613702
lp_cum_pnl          -23858.19736
fee_0                 435.056594
fee_1                   0.133729
fee_total_value       954.495032
fee_diff              954.495032
cum_fee             42721.694155
equity             118863.496796
dtype: object
2022-04-19 21:22:44,750 [DEBUG] [feed_signal(129)] [MainThread] Simulation: 2021-12-04 08:00:00+00:00
2022-04-19 21:22:44,758 [DEBUG] [asar(425)] [MainThread] ----------------------------------------------------------------------------------------------------
2022-04-19 21:22:44,758 [DEBUG] [asar(426)] [MainThread] 17
2022-04-19 21:22:44,758 [DEBUG] [asar(427)] [MainThread] ----------------------------------------------------------------------------------------------------
2022-04-19 21:22:44,758 [DEBUG] [asar(428)] [MainThread] timestamp           1638604801.0
block                 13738651.0
tick                    193673.0
lower_tick              191880.0
upper_tick              195840.0
price                3884.266401
lower_price          3127.534429
upper_price          4647.015441
event                        add
holder_value       118863.496796
holder_diff                    0
holder_cum_pnl      33475.570765
lp_amount_0        118863.496796
lp_amount_1                    0
lp_total_value     118863.496796
lp_diff                        0
lp_cum_pnl          -23858.19736
fee_0                          0
fee_1                          0
fee_total_value              0.0
fee_diff                       0
cum_fee             42721.694155
equity             118863.496796
dtype: object
2022-04-19 21:22:44,765 [DEBUG] [_new_conn(228)] [MainThread] Starting new HTTP connection (1): office.teahouse.finance:8181
2022-04-19 21:22:44,903 [DEBUG] [_make_request(456)] [MainThread] http://office.teahouse.finance:8181 "GET /pools/estimate/position_info/by_amount0?network=eth_mainnet&pool=0x8ad599c3A0ff1De082011EFDDc58f1908eb6e6D8&block=13738651&amount0=64773822085&lowerTick=191880&upperTick=195840 HTTP/1.1" 200 235
2022-04-19 21:22:44,906 [DEBUG] [request(14)] [MainThread] http://office.teahouse.finance:8181/pools/estimate/position_info/by_amount0?network=eth_mainnet&pool=0x8ad599c3A0ff1De082011EFDDc58f1908eb6e6D8&block=13738651&amount0=64773822085&lowerTick=191880&upperTick=195840
2022-04-19 21:22:44,907 [DEBUG] [request(16)] [MainThread] {'success': True, 'data': {'price0': 0.00025746841880772175, 'price1': 3883.9714968957155, 'tick': 193673, 'sqrt_price_x96': 1271281030498455411523953115237554, 'amount0': 64773822085, 'amount1': 13936643600055818240, 'liquidity': 10125412877680850}}
2022-04-19 21:22:44,912 [DEBUG] [asar(425)] [MainThread] ----------------------------------------------------------------------------------------------------
2022-04-19 21:22:44,912 [DEBUG] [asar(426)] [MainThread] 17
2022-04-19 21:22:44,912 [DEBUG] [asar(427)] [MainThread] ----------------------------------------------------------------------------------------------------
2022-04-19 21:22:44,913 [DEBUG] [asar(428)] [MainThread] timestamp           1638604801.0
block                 13738651.0
tick                    193673.0
lower_tick              191880.0
upper_tick              195840.0
price                3884.266401
lower_price          3127.534429
upper_price          4647.015441
event                   add swap
holder_value       118863.496796
holder_diff                    0
holder_cum_pnl      33475.570765
lp_amount_0         64773.822085
lp_amount_1            13.925326
lp_total_value     118863.496796
lp_diff                        0
lp_cum_pnl          -23858.19736
fee_0                          0
fee_1                          0
fee_total_value              0.0
fee_diff                       0
cum_fee             42721.694155
equity             118863.496796
dtype: object
2022-04-19 21:22:44,916 [DEBUG] [feed_signal(129)] [MainThread] Simulation: 2021-12-04 08:00:01+00:00
2022-04-19 21:22:49,927 [DEBUG] [_new_conn(228)] [MainThread] Starting new HTTP connection (1): office.teahouse.finance:8181
2022-04-19 21:22:50,181 [DEBUG] [_make_request(456)] [MainThread] http://office.teahouse.finance:8181 "GET /pools/estimate/fee?network=eth_mainnet&pool=0x8ad599c3A0ff1De082011EFDDc58f1908eb6e6D8&startBlock=13738651&endBlock=14047721&liquidity=10125412877680850&lowerTick=191880&upperTick=195840 HTTP/1.1" 200 77
2022-04-19 21:22:50,182 [DEBUG] [request(14)] [MainThread] http://office.teahouse.finance:8181/pools/estimate/fee?network=eth_mainnet&pool=0x8ad599c3A0ff1De082011EFDDc58f1908eb6e6D8&startBlock=13738651&endBlock=14047721&liquidity=10125412877680850&lowerTick=191880&upperTick=195840
2022-04-19 21:22:50,182 [DEBUG] [request(16)] [MainThread] {'success': True, 'data': {'earned0': 4735752692, 'earned1': 1332405143066809856}}
2022-04-19 21:22:50,188 [DEBUG] [asar(425)] [MainThread] ----------------------------------------------------------------------------------------------------
2022-04-19 21:22:50,188 [DEBUG] [asar(426)] [MainThread] 18
2022-04-19 21:22:50,188 [DEBUG] [asar(427)] [MainThread] ----------------------------------------------------------------------------------------------------
2022-04-19 21:22:50,188 [DEBUG] [asar(428)] [MainThread] timestamp           1642752000.0
block                 14047721.0
tick                    196645.0
lower_tick              191880.0
upper_tick              195840.0
price                2885.646591
lower_price          3127.534429
upper_price          4647.015441
event                     remove
holder_value       104957.390695
holder_diff        -13906.106101
holder_cum_pnl      19569.464664
lp_amount_0                  0.0
lp_amount_1             32.50953
lp_total_value      93811.014298
lp_diff            -25052.482498
lp_cum_pnl         -48910.679858
fee_0                4735.752692
fee_1                   1.332405
fee_total_value      8580.603051
fee_diff             8580.603051
cum_fee             51302.297206
equity             102391.617348
dtype: object
2022-04-19 21:22:50,196 [DEBUG] [asar(425)] [MainThread] ----------------------------------------------------------------------------------------------------
2022-04-19 21:22:50,196 [DEBUG] [asar(426)] [MainThread] 18
2022-04-19 21:22:50,196 [DEBUG] [asar(427)] [MainThread] ----------------------------------------------------------------------------------------------------
2022-04-19 21:22:50,196 [DEBUG] [asar(428)] [MainThread] timestamp           1642752000.0
block                 14047721.0
tick                    196645.0
lower_tick              191880.0
upper_tick              195840.0
price                2885.646591
lower_price          3127.534429
upper_price          4647.015441
event                remove swap
holder_value       104957.390695
holder_diff        -13906.106101
holder_cum_pnl      19569.464664
lp_amount_0        102391.617348
lp_amount_1                    0
lp_total_value     102391.617348
lp_diff            -25052.482498
lp_cum_pnl         -48910.679858
fee_0                4735.752692
fee_1                   1.332405
fee_total_value      8580.603051
fee_diff             8580.603051
cum_fee             51302.297206
equity             102391.617348
dtype: object
2022-04-19 21:22:50,199 [DEBUG] [feed_signal(129)] [MainThread] Simulation: 2022-01-21 08:00:00+00:00
2022-04-19 21:22:50,206 [DEBUG] [asar(425)] [MainThread] ----------------------------------------------------------------------------------------------------
2022-04-19 21:22:50,206 [DEBUG] [asar(426)] [MainThread] 19
2022-04-19 21:22:50,206 [DEBUG] [asar(427)] [MainThread] ----------------------------------------------------------------------------------------------------
2022-04-19 21:22:50,207 [DEBUG] [asar(428)] [MainThread] timestamp           1642752001.0
block                 14047722.0
tick                    196645.0
lower_tick              195660.0
upper_tick              199740.0
price                2885.646591
lower_price          2117.559974
upper_price          3184.336897
event                        add
holder_value       102391.617348
holder_diff                    0
holder_cum_pnl      19569.464664
lp_amount_0        102391.617348
lp_amount_1                    0
lp_total_value     102391.617348
lp_diff                        0
lp_cum_pnl         -48910.679858
fee_0                          0
fee_1                          0
fee_total_value              0.0
fee_diff                       0
cum_fee             51302.297206
equity             102391.617348
dtype: object
2022-04-19 21:22:50,213 [DEBUG] [_new_conn(228)] [MainThread] Starting new HTTP connection (1): office.teahouse.finance:8181
2022-04-19 21:22:50,326 [DEBUG] [_make_request(456)] [MainThread] http://office.teahouse.finance:8181 "GET /pools/estimate/position_info/by_amount0?network=eth_mainnet&pool=0x8ad599c3A0ff1De082011EFDDc58f1908eb6e6D8&block=14047722&amount0=76686789795&lowerTick=195660&upperTick=199740 HTTP/1.1" 200 233
2022-04-19 21:22:50,327 [DEBUG] [request(14)] [MainThread] http://office.teahouse.finance:8181/pools/estimate/position_info/by_amount0?network=eth_mainnet&pool=0x8ad599c3A0ff1De082011EFDDc58f1908eb6e6D8&block=14047722&amount0=76686789795&lowerTick=195660&upperTick=199740
2022-04-19 21:22:50,327 [DEBUG] [request(16)] [MainThread] {'success': True, 'data': {'price0': 0.00034655054864555823, 'price1': 2885.5819271051587, 'tick': 196645, 'sqrt_price_x96': 1474901030680445218805071878625588, 'amount0': 76686789795, 'amount1': 8910595842722666496, 'liquidity': 9958470154422150}}
2022-04-19 21:22:50,333 [DEBUG] [asar(425)] [MainThread] ----------------------------------------------------------------------------------------------------
2022-04-19 21:22:50,334 [DEBUG] [asar(426)] [MainThread] 19
2022-04-19 21:22:50,334 [DEBUG] [asar(427)] [MainThread] ----------------------------------------------------------------------------------------------------
2022-04-19 21:22:50,334 [DEBUG] [asar(428)] [MainThread] timestamp           1642752001.0
block                 14047722.0
tick                    196645.0
lower_tick              195660.0
upper_tick              199740.0
price                2885.646591
lower_price          2117.559974
upper_price          3184.336897
event                   add swap
holder_value       102391.617348
holder_diff                    0
holder_cum_pnl      19569.464664
lp_amount_0         76686.789796
lp_amount_1             8.907822
lp_total_value     102391.617348
lp_diff                        0
lp_cum_pnl         -48910.679858
fee_0                          0
fee_1                          0
fee_total_value              0.0
fee_diff                       0
cum_fee             51302.297206
equity             102391.617348
dtype: object
2022-04-19 21:22:50,338 [DEBUG] [feed_signal(129)] [MainThread] Simulation: 2022-01-21 08:00:01+00:00
2022-04-19 21:22:56,350 [DEBUG] [_new_conn(228)] [MainThread] Starting new HTTP connection (1): office.teahouse.finance:8181
2022-04-19 21:22:56,657 [DEBUG] [_make_request(456)] [MainThread] http://office.teahouse.finance:8181 "GET /pools/estimate/fee?network=eth_mainnet&pool=0x8ad599c3A0ff1De082011EFDDc58f1908eb6e6D8&startBlock=14047722&endBlock=14473335&liquidity=9958470154422150&lowerTick=195660&upperTick=199740 HTTP/1.1" 200 77
2022-04-19 21:22:56,661 [DEBUG] [request(14)] [MainThread] http://office.teahouse.finance:8181/pools/estimate/fee?network=eth_mainnet&pool=0x8ad599c3A0ff1De082011EFDDc58f1908eb6e6D8&startBlock=14047722&endBlock=14473335&liquidity=9958470154422150&lowerTick=195660&upperTick=199740
2022-04-19 21:22:56,662 [DEBUG] [request(16)] [MainThread] {'success': True, 'data': {'earned0': 8942536680, 'earned1': 3371879837444056576}}
2022-04-19 21:22:56,667 [DEBUG] [asar(425)] [MainThread] ----------------------------------------------------------------------------------------------------
2022-04-19 21:22:56,667 [DEBUG] [asar(426)] [MainThread] 20
2022-04-19 21:22:56,667 [DEBUG] [asar(427)] [MainThread] ----------------------------------------------------------------------------------------------------
2022-04-19 21:22:56,668 [DEBUG] [asar(428)] [MainThread] timestamp           1648454400.0
block                 14473335.0
tick                    195251.0
lower_tick              195660.0
upper_tick              199740.0
price                3317.269573
lower_price          2117.559974
upper_price          3184.336897
event                     remove
holder_value       106236.438253
holder_diff          3844.820905
holder_cum_pnl      23414.285569
lp_amount_0        103689.206091
lp_amount_1                  0.0
lp_total_value     103689.206091
lp_diff              1297.588743
lp_cum_pnl         -47613.091115
fee_0                 8942.53668
fee_1                    3.37188
fee_total_value     20127.971069
fee_diff            20127.971069
cum_fee             71430.268275
equity             123817.177161
dtype: object
2022-04-19 21:22:56,675 [DEBUG] [asar(425)] [MainThread] ----------------------------------------------------------------------------------------------------
2022-04-19 21:22:56,676 [DEBUG] [asar(426)] [MainThread] 20
2022-04-19 21:22:56,676 [DEBUG] [asar(427)] [MainThread] ----------------------------------------------------------------------------------------------------
2022-04-19 21:22:56,676 [DEBUG] [asar(428)] [MainThread] timestamp           1648454400.0
block                 14473335.0
tick                    195251.0
lower_tick              195660.0
upper_tick              199740.0
price                3317.269573
lower_price          2117.559974
upper_price          3184.336897
event                remove swap
holder_value       106236.438253
holder_diff          3844.820905
holder_cum_pnl      23414.285569
lp_amount_0        123817.177161
lp_amount_1                    0
lp_total_value     123817.177161
lp_diff              1297.588743
lp_cum_pnl         -47613.091115
fee_0                 8942.53668
fee_1                    3.37188
fee_total_value     20127.971069
fee_diff            20127.971069
cum_fee             71430.268275
equity             123817.177161
dtype: object
2022-04-19 21:22:56,679 [DEBUG] [feed_signal(129)] [MainThread] Simulation: 2022-03-28 08:00:00+00:00
2022-04-19 21:22:56,686 [DEBUG] [asar(425)] [MainThread] ----------------------------------------------------------------------------------------------------
2022-04-19 21:22:56,686 [DEBUG] [asar(426)] [MainThread] 21
2022-04-19 21:22:56,687 [DEBUG] [asar(427)] [MainThread] ----------------------------------------------------------------------------------------------------
2022-04-19 21:22:56,687 [DEBUG] [asar(428)] [MainThread] timestamp           1648454401.0
block                 14473336.0
tick                    195251.0
lower_tick              193860.0
upper_tick              195780.0
price                3317.269573
lower_price            3146.3551
upper_price          3812.309114
event                        add
holder_value       123817.177161
holder_diff                    0
holder_cum_pnl      23414.285569
lp_amount_0        123817.177161
lp_amount_1                    0
lp_total_value     123817.177161
lp_diff                        0
lp_cum_pnl         -47613.091115
fee_0                          0
fee_1                          0
fee_total_value              0.0
fee_diff                       0
cum_fee             71430.268275
equity             123817.177161
dtype: object
2022-04-19 21:22:56,693 [DEBUG] [_new_conn(228)] [MainThread] Starting new HTTP connection (1): office.teahouse.finance:8181
2022-04-19 21:22:56,884 [DEBUG] [_make_request(456)] [MainThread] http://office.teahouse.finance:8181 "GET /pools/estimate/position_info/by_amount0?network=eth_mainnet&pool=0x8ad599c3A0ff1De082011EFDDc58f1908eb6e6D8&block=14473336&amount0=34645061087&lowerTick=193860&upperTick=195780 HTTP/1.1" 200 234
2022-04-19 21:22:56,885 [DEBUG] [request(14)] [MainThread] http://office.teahouse.finance:8181/pools/estimate/position_info/by_amount0?network=eth_mainnet&pool=0x8ad599c3A0ff1De082011EFDDc58f1908eb6e6D8&block=14473336&amount0=34645061087&lowerTick=193860&upperTick=195780
2022-04-19 21:22:56,885 [DEBUG] [request(16)] [MainThread] {'success': True, 'data': {'price0': 0.0003014558500277764, 'price1': 3317.2353427802414, 'tick': 195251, 'sqrt_price_x96': 1375597702583070749715223686984460, 'amount0': 34645061087, 'amount1': 26888557990238490624, 'liquidity': 23049602414789004}}
2022-04-19 21:22:56,891 [DEBUG] [asar(425)] [MainThread] ----------------------------------------------------------------------------------------------------
2022-04-19 21:22:56,892 [DEBUG] [asar(426)] [MainThread] 21
2022-04-19 21:22:56,892 [DEBUG] [asar(427)] [MainThread] ----------------------------------------------------------------------------------------------------
2022-04-19 21:22:56,892 [DEBUG] [asar(428)] [MainThread] timestamp           1648454401.0
block                 14473336.0
tick                    195251.0
lower_tick              193860.0
upper_tick              195780.0
price                3317.269573
lower_price            3146.3551
upper_price          3812.309114
event                   add swap
holder_value       123817.177161
holder_diff                    0
holder_cum_pnl      23414.285569
lp_amount_0         34645.061088
lp_amount_1            26.881179
lp_total_value     123817.177161
lp_diff                        0
lp_cum_pnl         -47613.091115
fee_0                          0
fee_1                          0
fee_total_value              0.0
fee_diff                       0
cum_fee             71430.268275
equity             123817.177161
dtype: object
2022-04-19 21:22:56,896 [DEBUG] [feed_signal(129)] [MainThread] Simulation: 2022-03-28 08:00:01+00:00
2022-04-19 21:22:58,482 [DEBUG] [_new_conn(228)] [MainThread] Starting new HTTP connection (1): office.teahouse.finance:8181
2022-04-19 21:22:59,298 [DEBUG] [_make_request(456)] [MainThread] http://office.teahouse.finance:8181 "GET /pools/estimate/fee?network=eth_mainnet&pool=0x8ad599c3A0ff1De082011EFDDc58f1908eb6e6D8&startBlock=14473336&endBlock=14569512&liquidity=23049602414789004&lowerTick=193860&upperTick=195780 HTTP/1.1" 200 76
2022-04-19 21:22:59,302 [DEBUG] [request(14)] [MainThread] http://office.teahouse.finance:8181/pools/estimate/fee?network=eth_mainnet&pool=0x8ad599c3A0ff1De082011EFDDc58f1908eb6e6D8&startBlock=14473336&endBlock=14569512&liquidity=23049602414789004&lowerTick=193860&upperTick=195780
2022-04-19 21:22:59,302 [DEBUG] [request(16)] [MainThread] {'success': True, 'data': {'earned0': 1976207412, 'earned1': 622534638966100224}}
2022-04-19 21:22:59,308 [DEBUG] [asar(425)] [MainThread] ----------------------------------------------------------------------------------------------------
2022-04-19 21:22:59,308 [DEBUG] [asar(426)] [MainThread] 22
2022-04-19 21:22:59,308 [DEBUG] [asar(427)] [MainThread] ----------------------------------------------------------------------------------------------------
2022-04-19 21:22:59,308 [DEBUG] [asar(428)] [MainThread] timestamp           1649750400.0
block                 14569512.0
tick                    196195.0
lower_tick              193860.0
upper_tick              195780.0
price                3018.459937
lower_price            3146.3551
upper_price          3812.309114
event                     remove
holder_value       115784.821932
holder_diff         -8032.355229
holder_cum_pnl       15381.93034
lp_amount_0                  0.0
lp_amount_1            37.604939
lp_total_value     113509.000406
lp_diff            -10308.176755
lp_cum_pnl         -57921.267869
fee_0                1976.207412
fee_1                   0.622535
fee_total_value      3855.303279
fee_diff             3855.303279
cum_fee             75285.571554
equity             117364.303685
dtype: object
2022-04-19 21:22:59,316 [DEBUG] [asar(425)] [MainThread] ----------------------------------------------------------------------------------------------------
2022-04-19 21:22:59,317 [DEBUG] [asar(426)] [MainThread] 22
2022-04-19 21:22:59,317 [DEBUG] [asar(427)] [MainThread] ----------------------------------------------------------------------------------------------------
2022-04-19 21:22:59,317 [DEBUG] [asar(428)] [MainThread] timestamp           1649750400.0
block                 14569512.0
tick                    196195.0
lower_tick              193860.0
upper_tick              195780.0
price                3018.459937
lower_price            3146.3551
upper_price          3812.309114
event                remove swap
holder_value       115784.821932
holder_diff         -8032.355229
holder_cum_pnl       15381.93034
lp_amount_0        117364.303685
lp_amount_1                    0
lp_total_value     117364.303685
lp_diff            -10308.176755
lp_cum_pnl         -57921.267869
fee_0                1976.207412
fee_1                   0.622535
fee_total_value      3855.303279
fee_diff             3855.303279
cum_fee             75285.571554
equity             117364.303685
dtype: object
2022-04-19 21:22:59,320 [DEBUG] [feed_signal(129)] [MainThread] Simulation: 2022-04-12 08:00:00+00:00
2022-04-19 21:22:59,327 [DEBUG] [asar(425)] [MainThread] ----------------------------------------------------------------------------------------------------
2022-04-19 21:22:59,327 [DEBUG] [asar(426)] [MainThread] 23
2022-04-19 21:22:59,327 [DEBUG] [asar(427)] [MainThread] ----------------------------------------------------------------------------------------------------
2022-04-19 21:22:59,328 [DEBUG] [asar(428)] [MainThread] timestamp           1649750401.0
block                 14569513.0
tick                    196195.0
lower_tick              195120.0
upper_tick              197760.0
price                3018.459937
lower_price          2581.200423
upper_price          3361.009489
event                        add
holder_value       117364.303685
holder_diff                    0
holder_cum_pnl       15381.93034
lp_amount_0        117364.303685
lp_amount_1                    0
lp_total_value     117364.303685
lp_diff                        0
lp_cum_pnl         -57921.267869
fee_0                          0
fee_1                          0
fee_total_value              0.0
fee_diff                       0
cum_fee             75285.571554
equity             117364.303685
dtype: object
2022-04-19 21:22:59,334 [DEBUG] [_new_conn(228)] [MainThread] Starting new HTTP connection (1): office.teahouse.finance:8181
2022-04-19 21:22:59,444 [DEBUG] [_make_request(456)] [MainThread] http://office.teahouse.finance:8181 "GET /pools/estimate/position_info/by_amount0?network=eth_mainnet&pool=0x8ad599c3A0ff1De082011EFDDc58f1908eb6e6D8&block=14569513&amount0=69230320950&lowerTick=195120&upperTick=197760 HTTP/1.1" 200 233
2022-04-19 21:22:59,445 [DEBUG] [request(14)] [MainThread] http://office.teahouse.finance:8181/pools/estimate/position_info/by_amount0?network=eth_mainnet&pool=0x8ad599c3A0ff1De082011EFDDc58f1908eb6e6D8&block=14569513&amount0=69230320950&lowerTick=195120&upperTick=197760
2022-04-19 21:22:59,445 [DEBUG] [request(16)] [MainThread] {'success': True, 'data': {'price0': 0.0003313174597115978, 'price1': 3018.253251339277, 'tick': 196195, 'sqrt_price_x96': 1442121146547534962590293853048896, 'amount0': 69230320950, 'amount1': 15964232930341462016, 'liquidity': 16750151901622520}}
2022-04-19 21:22:59,451 [DEBUG] [asar(425)] [MainThread] ----------------------------------------------------------------------------------------------------
2022-04-19 21:22:59,451 [DEBUG] [asar(426)] [MainThread] 23
2022-04-19 21:22:59,451 [DEBUG] [asar(427)] [MainThread] ----------------------------------------------------------------------------------------------------
2022-04-19 21:22:59,452 [DEBUG] [asar(428)] [MainThread] timestamp           1649750401.0
block                 14569513.0
tick                    196195.0
lower_tick              195120.0
upper_tick              197760.0
price                3018.459937
lower_price          2581.200423
upper_price          3361.009489
event                   add swap
holder_value       117364.303685
holder_diff                    0
holder_cum_pnl       15381.93034
lp_amount_0         69230.320951
lp_amount_1            15.946537
lp_total_value     117364.303685
lp_diff                        0
lp_cum_pnl         -57921.267869
fee_0                          0
fee_1                          0
fee_total_value              0.0
fee_diff                       0
cum_fee             75285.571554
equity             117364.303685
dtype: object
2022-04-19 21:22:59,455 [DEBUG] [feed_signal(129)] [MainThread] Simulation: 2022-04-12 08:00:01+00:00
2022-04-19 21:23:00,123 [INFO] [is_hist_complete_callback(66)] [MainThread] Simulating in historical data complete.
2022-04-19 21:23:00,151 [DEBUG] [_new_conn(228)] [MainThread] Starting new HTTP connection (1): office.teahouse.finance:8181
2022-04-19 21:23:00,602 [DEBUG] [_make_request(456)] [MainThread] http://office.teahouse.finance:8181 "GET /pools/estimate/fee?network=eth_mainnet&pool=0x8ad599c3A0ff1De082011EFDDc58f1908eb6e6D8&startBlock=14569513&endBlock=14615733&liquidity=16750151901622520&lowerTick=195120&upperTick=197760 HTTP/1.1" 200 75
2022-04-19 21:23:00,605 [DEBUG] [request(14)] [MainThread] http://office.teahouse.finance:8181/pools/estimate/fee?network=eth_mainnet&pool=0x8ad599c3A0ff1De082011EFDDc58f1908eb6e6D8&startBlock=14569513&endBlock=14615733&liquidity=16750151901622520&lowerTick=195120&upperTick=197760
2022-04-19 21:23:00,606 [DEBUG] [request(16)] [MainThread] {'success': True, 'data': {'earned0': 568480479, 'earned1': 180746398529338656}}
2022-04-19 21:23:00,620 [DEBUG] [asar(425)] [MainThread] ----------------------------------------------------------------------------------------------------
2022-04-19 21:23:00,620 [DEBUG] [asar(426)] [MainThread] 24
2022-04-19 21:23:00,620 [DEBUG] [asar(427)] [MainThread] ----------------------------------------------------------------------------------------------------
2022-04-19 21:23:00,621 [DEBUG] [asar(428)] [MainThread] timestamp           1650384001.0
block                 14615733.0
tick                    196052.0
lower_tick              195120.0
upper_tick              197760.0
price                3061.931823
lower_price          2581.200423
upper_price          3361.009489
event                     remove
holder_value       118057.529731
holder_diff           693.226046
holder_cum_pnl      16075.156386
lp_amount_0          75830.43787
lp_amount_1             13.77553
lp_total_value     118010.172161
lp_diff               645.868476
lp_cum_pnl         -57275.399393
fee_0                 568.480479
fee_1                   0.180746
fee_total_value      1121.913629
fee_diff             1121.913629
cum_fee             76407.485183
equity              119132.08579
dtype: object
2022-04-19 21:23:00,628 [DEBUG] [asar(425)] [MainThread] ----------------------------------------------------------------------------------------------------
2022-04-19 21:23:00,628 [DEBUG] [asar(426)] [MainThread] 24
2022-04-19 21:23:00,628 [DEBUG] [asar(427)] [MainThread] ----------------------------------------------------------------------------------------------------
2022-04-19 21:23:00,628 [DEBUG] [asar(428)] [MainThread] timestamp           1650384001.0
block                 14615733.0
tick                    196052.0
lower_tick              195120.0
upper_tick              197760.0
price                3061.931823
lower_price          2581.200423
upper_price          3361.009489
event                remove swap
holder_value       118057.529731
holder_diff           693.226046
holder_cum_pnl      16075.156386
lp_amount_0         119132.08579
lp_amount_1                    0
lp_total_value      119132.08579
lp_diff               645.868476
lp_cum_pnl         -57275.399393
fee_0                 568.480479
fee_1                   0.180746
fee_total_value      1121.913629
fee_diff             1121.913629
cum_fee             76407.485183
equity              119132.08579
dtype: object
2022-04-19 21:23:00,631 [DEBUG] [feed_signal(129)] [MainThread] Simulation: 2022-04-19 16:00:01+00:00
2022-04-19 21:32:49,404 [INFO] [__init__(21)] [MainThread] Load environment variable success.
2022-04-19 21:32:54,028 [INFO] [start_listening(55)] [Thread-signal] Signal manager start listening.
2022-04-19 21:32:57,552 [ERROR] [http_browser(31)] [MainThread] API return error, status_code: 400, text: {"details":["not found"],"error":"Transaction info error"}

2022-04-19 21:32:57,554 [ERROR] [http_browser(32)] [MainThread] json obj: {
    "details": [
        "not found"
    ],
    "error": "Transaction info error"
}

2022-04-19 21:32:57,555 [ERROR] [http_browser(33)] [MainThread] pickle obj: b'\x80\x05\x95\xbf\x08\x00\x00\x00\x00\x00\x00\x8c\x0frequests.models\x94\x8c\x08Response\x94\x93\x94)\x81\x94}\x94(\x8c\x08_content\x94C:{"details":["not found"],"error":"Transaction info error"}\x94\x8c\x0bstatus_code\x94M\x90\x01\x8c\x07headers\x94\x8c\x13requests.structures\x94\x8c\x13CaseInsensitiveDict\x94\x93\x94)\x81\x94}\x94\x8c\x06_store\x94\x8c\x0bcollections\x94\x8c\x0bOrderedDict\x94\x93\x94)R\x94(\x8c\x04date\x94\x8c\x04Date\x94\x8c\x1dTue, 19 Apr 2022 13:32:56 GMT\x94\x86\x94\x8c\x0ccontent-type\x94\x8c\x0cContent-Type\x94\x8c\x1fapplication/json; charset=utf-8\x94\x86\x94\x8c\x0econtent-length\x94\x8c\x0eContent-Length\x94\x8c\x0258\x94\x86\x94\x8c\nconnection\x94\x8c\nConnection\x94\x8c\nkeep-alive\x94\x86\x94\x8c\x0fcf-cache-status\x94\x8c\x0fCF-Cache-Status\x94\x8c\x07DYNAMIC\x94\x86\x94\x8c\texpect-ct\x94\x8c\tExpect-CT\x94\x8cWmax-age=604800, report-uri="https://report-uri.cloudflare.com/cdn-cgi/beacon/expect-ct"\x94\x86\x94\x8c\treport-to\x94\x8c\tReport-To\x94X\x1b\x01\x00\x00{"endpoints":[{"url":"https:\\/\\/a.nel.cloudflare.com\\/report\\/v3?s=8p6hgVTLULWPchA93LMK131WKXqlHuEplVeKEAraezjOLcQVLHur6MArpv3PHho32qYeDBQMHd52YHc97AzygM9st9ySSEHwWq%2FiWl2k0eoMeVZiv5QM9%2BL3EnRLK5GqEPpMAxmj8PUoyXhn8KZaCn%2BIu7fDXYxKbMjHaw%3D%3D"}],"group":"cf-nel","max_age":604800}\x94\x86\x94\x8c\x03nel\x94\x8c\x03NEL\x94\x8c<{"success_fraction":0,"report_to":"cf-nel","max_age":604800}\x94\x86\x94\x8c\x06server\x94\x8c\x06Server\x94\x8c\ncloudflare\x94\x86\x94\x8c\x06cf-ray\x94\x8c\x06CF-RAY\x94\x8c\x146fe6024b5f9f980f-SJC\x94\x86\x94\x8c\x07alt-svc\x94\x8c\x07alt-svc\x94\x8c+h3=":443"; ma=86400, h3-29=":443"; ma=86400\x94\x86\x94usb\x8c\x03url\x94\x8cqhttps://teavault-api.teahouse.finance/v1/trans/0x4d44a34d942409cd2e635d261dea1dd0530516c21afffaf81949a66d49ac25f9\x94\x8c\x07history\x94]\x94\x8c\x08encoding\x94\x8c\x05utf-8\x94\x8c\x06reason\x94\x8c\x0bBad Request\x94\x8c\x07cookies\x94\x8c\x10requests.cookies\x94\x8c\x11RequestsCookieJar\x94\x93\x94)\x81\x94}\x94(\x8c\x07_policy\x94\x8c\x0ehttp.cookiejar\x94\x8c\x13DefaultCookiePolicy\x94\x93\x94)\x81\x94}\x94(\x8c\x08netscape\x94\x88\x8c\x07rfc2965\x94\x89\x8c\x13rfc2109_as_netscape\x94N\x8c\x0chide_cookie2\x94\x89\x8c\rstrict_domain\x94\x89\x8c\x1bstrict_rfc2965_unverifiable\x94\x88\x8c\x16strict_ns_unverifiable\x94\x89\x8c\x10strict_ns_domain\x94K\x00\x8c\x1cstrict_ns_set_initial_dollar\x94\x89\x8c\x12strict_ns_set_path\x94\x89\x8c\x10secure_protocols\x94\x8c\x05https\x94\x8c\x03wss\x94\x86\x94\x8c\x10_blocked_domains\x94)\x8c\x10_allowed_domains\x94N\x8c\x04_now\x94J\t\xba^bub\x8c\x08_cookies\x94}\x94hcJ\t\xba^bub\x8c\x07elapsed\x94\x8c\x08datetime\x94\x8c\ttimedelta\x94\x93\x94K\x00K\x01J\x05\xbc\n\x00\x87\x94R\x94\x8c\x07request\x94h\x00\x8c\x0fPreparedRequest\x94\x93\x94)\x81\x94}\x94(\x8c\x06method\x94\x8c\x03GET\x94h?h@h\x08h\x0b)\x81\x94}\x94h\x0eh\x11)R\x94(\x8c\nuser-agent\x94\x8c\nUser-Agent\x94\x8c\x16python-requests/2.27.1\x94\x86\x94\x8c\x0faccept-encoding\x94\x8c\x0fAccept-Encoding\x94\x8c\x11gzip, deflate, br\x94\x86\x94\x8c\x06accept\x94\x8c\x06Accept\x94\x8c\x03*/*\x94\x86\x94\x8c\nconnection\x94\x8c\nConnection\x94\x8c\nkeep-alive\x94\x86\x94\x8c\x07api-key\x94\x8c\x07api-key\x94\x8c aRCCCat2DM8X8g5Eggh5Nw2n946zkQde\x94\x86\x94usbhdhJ)\x81\x94}\x94(hMhP)\x81\x94}\x94(hS\x88hT\x89hUNhV\x89hW\x89hX\x88hY\x89hZK\x00h[\x89h\\\x89h]h`ha)hbNhcJ\x07\xba^bubhd}\x94hcJ\x07\xba^bub\x8c\x04body\x94N\x8c\x05hooks\x94}\x94\x8c\x08response\x94]\x94s\x8c\x0e_body_position\x94Nubub.'
2022-04-19 21:33:04,869 [ERROR] [http_browser(31)] [MainThread] API return error, status_code: 500, text: {"details":["execution reverted: ERC20: transfer amount exceeds balance"],"error":"Contract call failed"}

2022-04-19 21:33:04,869 [ERROR] [http_browser(32)] [MainThread] json obj: {
    "details": [
        "execution reverted: ERC20: transfer amount exceeds balance"
    ],
    "error": "Contract call failed"
}

2022-04-19 21:33:04,870 [ERROR] [http_browser(33)] [MainThread] pickle obj: b'\x80\x05\x95\x98\t\x00\x00\x00\x00\x00\x00\x8c\x0frequests.models\x94\x8c\x08Response\x94\x93\x94)\x81\x94}\x94(\x8c\x08_content\x94Ci{"details":["execution reverted: ERC20: transfer amount exceeds balance"],"error":"Contract call failed"}\x94\x8c\x0bstatus_code\x94M\xf4\x01\x8c\x07headers\x94\x8c\x13requests.structures\x94\x8c\x13CaseInsensitiveDict\x94\x93\x94)\x81\x94}\x94\x8c\x06_store\x94\x8c\x0bcollections\x94\x8c\x0bOrderedDict\x94\x93\x94)R\x94(\x8c\x04date\x94\x8c\x04Date\x94\x8c\x1dTue, 19 Apr 2022 13:33:03 GMT\x94\x86\x94\x8c\x0ccontent-type\x94\x8c\x0cContent-Type\x94\x8c\x1fapplication/json; charset=utf-8\x94\x86\x94\x8c\x0econtent-length\x94\x8c\x0eContent-Length\x94\x8c\x03105\x94\x86\x94\x8c\nconnection\x94\x8c\nConnection\x94\x8c\nkeep-alive\x94\x86\x94\x8c\x0fcf-cache-status\x94\x8c\x0fCF-Cache-Status\x94\x8c\x07DYNAMIC\x94\x86\x94\x8c\texpect-ct\x94\x8c\tExpect-CT\x94\x8cWmax-age=604800, report-uri="https://report-uri.cloudflare.com/cdn-cgi/beacon/expect-ct"\x94\x86\x94\x8c\treport-to\x94\x8c\tReport-To\x94X#\x01\x00\x00{"endpoints":[{"url":"https:\\/\\/a.nel.cloudflare.com\\/report\\/v3?s=1vRfipOgpfiRrob5EPy1Jj3JI6qOoRt4128vwPfKm4o%2BY%2FGjTPVy%2BswxXyo9Q%2FDW7sWKkpmBi%2F55%2FyRqjoWPk8a3xhRJEvbXIyQ5DOul9aPoksQmhkjKc2myG5za3nHAzE8Sr9E3SiwQrkXrLJH6AWqNqx%2FMc5Wal2oc6w%3D%3D"}],"group":"cf-nel","max_age":604800}\x94\x86\x94\x8c\x03nel\x94\x8c\x03NEL\x94\x8c<{"success_fraction":0,"report_to":"cf-nel","max_age":604800}\x94\x86\x94\x8c\x06server\x94\x8c\x06Server\x94\x8c\ncloudflare\x94\x86\x94\x8c\x06cf-ray\x94\x8c\x06CF-RAY\x94\x8c\x146fe60271acaf2509-SJC\x94\x86\x94\x8c\x07alt-svc\x94\x8c\x07alt-svc\x94\x8c+h3=":443"; ma=86400, h3-29=":443"; ma=86400\x94\x86\x94usb\x8c\x03url\x94\x8c\xdfhttps://teavault-api.teahouse.finance/v1/0xB852f8541b67bC6c98D80B7cC53a8D459EB1E8Ea/liquidity/0x82aF49447D8a07e3bd95BD0d56f35241523fBab1/0xFF970A61A04b1cA14834A43f5dE4533eBDDB5CC8/500/-198060/-185160/50086/10/0/0/1650375361\x94\x8c\x07history\x94]\x94\x8c\x08encoding\x94\x8c\x05utf-8\x94\x8c\x06reason\x94\x8c\x15Internal Server Error\x94\x8c\x07cookies\x94\x8c\x10requests.cookies\x94\x8c\x11RequestsCookieJar\x94\x93\x94)\x81\x94}\x94(\x8c\x07_policy\x94\x8c\x0ehttp.cookiejar\x94\x8c\x13DefaultCookiePolicy\x94\x93\x94)\x81\x94}\x94(\x8c\x08netscape\x94\x88\x8c\x07rfc2965\x94\x89\x8c\x13rfc2109_as_netscape\x94N\x8c\x0chide_cookie2\x94\x89\x8c\rstrict_domain\x94\x89\x8c\x1bstrict_rfc2965_unverifiable\x94\x88\x8c\x16strict_ns_unverifiable\x94\x89\x8c\x10strict_ns_domain\x94K\x00\x8c\x1cstrict_ns_set_initial_dollar\x94\x89\x8c\x12strict_ns_set_path\x94\x89\x8c\x10secure_protocols\x94\x8c\x05https\x94\x8c\x03wss\x94\x86\x94\x8c\x10_blocked_domains\x94)\x8c\x10_allowed_domains\x94N\x8c\x04_now\x94J\x10\xba^bub\x8c\x08_cookies\x94}\x94hcJ\x10\xba^bub\x8c\x07elapsed\x94\x8c\x08datetime\x94\x8c\ttimedelta\x94\x93\x94K\x00K\x02JW_\r\x00\x87\x94R\x94\x8c\x07request\x94h\x00\x8c\x0fPreparedRequest\x94\x93\x94)\x81\x94}\x94(\x8c\x06method\x94\x8c\x04POST\x94h?h@h\x08h\x0b)\x81\x94}\x94h\x0eh\x11)R\x94(\x8c\nuser-agent\x94\x8c\nUser-Agent\x94\x8c\x16python-requests/2.27.1\x94\x86\x94\x8c\x0faccept-encoding\x94\x8c\x0fAccept-Encoding\x94\x8c\x11gzip, deflate, br\x94\x86\x94\x8c\x06accept\x94\x8c\x06Accept\x94\x8c\x03*/*\x94\x86\x94\x8c\nconnection\x94\x8c\nConnection\x94\x8c\nkeep-alive\x94\x86\x94\x8c\x07api-key\x94\x8c\x07api-key\x94\x8c aRCCCat2DM8X8g5Eggh5Nw2n946zkQde\x94\x86\x94\x8c\x0econtent-length\x94\x8c\x0eContent-Length\x94\x8c\x010\x94\x86\x94usbhdhJ)\x81\x94}\x94(hMhP)\x81\x94}\x94(hS\x88hT\x89hUNhV\x89hW\x89hX\x88hY\x89hZK\x00h[\x89h\\\x89h]h`ha)hbNhcJ\r\xba^bubhd}\x94hcJ\r\xba^bub\x8c\x04body\x94N\x8c\x05hooks\x94}\x94\x8c\x08response\x94]\x94s\x8c\x0e_body_position\x94Nubub.'
2022-04-19 21:33:04,870 [ERROR] [waiting_to_confirmed(149)] [MainThread] Add liquidity fail!
2022-04-19 21:33:48,288 [INFO] [get_ticks(32)] [MainThread] get ticks data: 2022-03-10 00:00:00+00:00 - 2022-03-29 00:00:00+00:00
2022-04-19 21:34:20,371 [INFO] [is_hist_complete_callback(66)] [MainThread] Simulating in historical data complete.
